[kbplacer_plugin_action.py:65]: Plugin version: 0.12
[kbplacer_plugin_action.py:66]: Python version: '3.12.3 (main, Nov  6 2024, 18:32:19) [GCC 13.2.0]'
[kbplacer_plugin_action.py:67]: KiCad version: 8.0.8 with 4.2.1 gtk3 (phoenix) wxWidgets 3.2.4
[kbplacer_dialog.py:585]: Language: en
[kbplacer_plugin_action.py:75]: GUI state: {"layout_path": "/home/salaadas/Documents/keyboard/project_wada/kle/60_version/keyboard-layout.json", "key_distance": [19.05, 19.05], "key_info": {"annotation_format": "MX{}", "position_option": "Default", "position": {"x": 0.0, "y": 0.0, "orientation": 0.0, "side": "Front"}, "template_path": ""}, "enable_diode_placement": true, "route_switches_with_diodes": true, "optimize_diodes_orientation": false, "diode_info": {"annotation_format": "D{}", "position_option": "Custom", "position": {"x": 3.175, "y": 0.794, "orientation": 90.0, "side": "Back"}, "template_path": ""}, "additional_elements": [{"annotation_format": "ST{}", "position_option": "Custom", "position": {"x": 0.0, "y": 0.0, "orientation": 0.0, "side": "Front"}, "template_path": ""}], "route_rows_and_columns": false, "template_path": "", "generate_outline": false, "outline_delta": 0.0}
[key_placer.py:361]: Set key 1U distance: 19050000/19050000
[key_placer.py:123]: Switches by nets: defaultdict(<class 'list'>, {frozenset({'COL13', 'ROW4'}): ['MX66'], frozenset({'COL12', 'ROW4'}): ['MX65'], frozenset({'COL11', 'ROW4'}): ['MX64'], frozenset({'COL9', 'ROW4'}): ['MX63'], frozenset({'COL8', 'ROW4'}): ['MX62'], frozenset({'COL6', 'ROW4'}): ['MX61'], frozenset({'COL4', 'ROW4'}): ['MX60'], frozenset({'COL2', 'ROW4'}): ['MX59'], frozenset({'COL1', 'ROW4'}): ['MX58'], frozenset({'COL0', 'ROW4'}): ['MX57'], frozenset({'ROW3', 'COL13'}): ['MX56'], frozenset({'COL12', 'ROW3'}): ['MX55'], frozenset({'ROW3', 'COL11'}): ['MX54'], frozenset({'ROW3', 'COL10'}): ['MX53'], frozenset({'ROW3', 'COL9'}): ['MX52'], frozenset({'ROW3', 'COL8'}): ['MX51'], frozenset({'ROW3', 'COL7'}): ['MX50'], frozenset({'ROW3', 'COL6'}): ['MX49'], frozenset({'COL5', 'ROW3'}): ['MX48'], frozenset({'COL4', 'ROW3'}): ['MX47'], frozenset({'ROW3', 'COL3'}): ['MX46'], frozenset({'ROW3', 'COL2'}): ['MX45'], frozenset({'COL1', 'ROW3'}): ['MX44'], frozenset({'ROW3', 'COL0'}): ['MX43'], frozenset({'COL12', 'ROW2'}): ['MX42'], frozenset({'ROW2', 'COL11'}): ['MX41'], frozenset({'ROW2', 'COL10'}): ['MX40'], frozenset({'COL9', 'ROW2'}): ['MX39'], frozenset({'ROW2', 'COL8'}): ['MX38'], frozenset({'COL7', 'ROW2'}): ['MX37'], frozenset({'ROW2', 'COL6'}): ['MX36'], frozenset({'COL5', 'ROW2'}): ['MX35'], frozenset({'COL4', 'ROW2'}): ['MX34'], frozenset({'ROW2', 'COL3'}): ['MX33'], frozenset({'ROW2', 'COL2'}): ['MX32'], frozenset({'COL1', 'ROW2'}): ['MX31'], frozenset({'COL0', 'ROW2'}): ['MX30'], frozenset({'COL13', 'ROW1'}): ['MX29'], frozenset({'COL12', 'ROW1'}): ['MX28'], frozenset({'COL11', 'ROW1'}): ['MX27'], frozenset({'COL10', 'ROW1'}): ['MX26'], frozenset({'COL9', 'ROW1'}): ['MX25'], frozenset({'COL8', 'ROW1'}): ['MX24'], frozenset({'COL7', 'ROW1'}): ['MX23'], frozenset({'COL6', 'ROW1'}): ['MX22'], frozenset({'COL5', 'ROW1'}): ['MX21'], frozenset({'COL4', 'ROW1'}): ['MX20'], frozenset({'COL3', 'ROW1'}): ['MX19'], frozenset({'COL2', 'ROW1'}): ['MX18'], frozenset({'COL1', 'ROW1'}): ['MX17'], frozenset({'COL0', 'ROW1'}): ['MX16'], frozenset({'COL13', 'ROW2'}): ['MX15'], frozenset({'ROW0', 'COL13'}): ['MX14'], frozenset({'COL12', 'ROW0'}): ['MX13'], frozenset({'ROW0', 'COL11'}): ['MX12'], frozenset({'ROW0', 'COL10'}): ['MX11'], frozenset({'ROW0', 'COL9'}): ['MX10'], frozenset({'ROW0', 'COL8'}): ['MX9'], frozenset({'ROW0', 'COL7'}): ['MX8'], frozenset({'ROW0', 'COL6'}): ['MX7'], frozenset({'COL5', 'ROW0'}): ['MX6'], frozenset({'COL4', 'ROW0'}): ['MX5'], frozenset({'ROW0', 'COL3'}): ['MX4'], frozenset({'ROW0', 'COL2'}): ['MX3'], frozenset({'COL1', 'ROW0'}): ['MX2'], frozenset({'ROW0', 'COL0'}): ['MX1']})
[key_placer.py:127]: Diodes by switch: {'MX66': ['D66'], 'MX65': ['D65'], 'MX64': ['D64'], 'MX63': ['D63'], 'MX62': ['D62'], 'MX61': ['D61'], 'MX60': ['D60'], 'MX59': ['D59'], 'MX58': ['D58'], 'MX57': ['D57'], 'MX56': ['D56'], 'MX55': ['D55'], 'MX54': ['D54'], 'MX53': ['D53'], 'MX52': ['D52'], 'MX51': ['D51'], 'MX50': ['D50'], 'MX49': ['D49'], 'MX48': ['D48'], 'MX47': ['D47'], 'MX46': ['D46'], 'MX45': ['D45'], 'MX44': ['D44'], 'MX43': ['D43'], 'MX42': ['D42'], 'MX41': ['D41'], 'MX40': ['D40'], 'MX39': ['D39'], 'MX38': ['D38'], 'MX37': ['D37'], 'MX36': ['D36'], 'MX35': ['D35'], 'MX34': ['D34'], 'MX33': ['D33'], 'MX32': ['D32'], 'MX31': ['D31'], 'MX30': ['D30'], 'MX29': ['D29'], 'MX28': ['D28'], 'MX27': ['D27'], 'MX26': ['D26'], 'MX25': ['D25'], 'MX24': ['D24'], 'MX23': ['D23'], 'MX22': ['D22'], 'MX21': ['D21'], 'MX20': ['D20'], 'MX19': ['D19'], 'MX18': ['D18'], 'MX17': ['D17'], 'MX16': ['D16'], 'MX15': ['D15'], 'MX14': ['D14'], 'MX13': ['D13'], 'MX12': ['D12'], 'MX11': ['D11'], 'MX10': ['D10'], 'MX9': ['D9'], 'MX8': ['D8'], 'MX7': ['D7'], 'MX6': ['D6'], 'MX5': ['D5'], 'MX4': ['D4'], 'MX3': ['D3'], 'MX2': ['D2'], 'MX1': ['D1']}
[kle_serial.py:897]: User layout: [['Esc', '!\n1', '@\n2', '#\n3', '$\n4', '%\n5', '^\n6', '&\n7', '*\n8', '(\n9', ')\n0', '_\n-', '+\n=', '|\n\\', '~\n`'], [{'w': 1.5}, 'Tab', 'Q', 'W', 'E', 'R', 'T', 'Y', 'U', 'I', 'O', 'P', '{\n[', '}\n]', {'w': 1.5}, 'Delete\nBS'], [{'w': 1.75}, 'Control', 'A', 'S', 'D', 'F', 'G', 'H', 'J', 'K', 'L', ':\n;', '"\n\'', {'w': 2.25}, 'Return'], [{'w': 2}, 'Shift', 'Z', 'X', 'C', 'V', 'B', 'N', 'M', '<\n,', '>\n.', '?\n/', 'Shift', {'c': '#e6bd8a'}, 'Up', {'c': '#cccccc'}, 'Fn'], ['Fn', {'x': 0.25, 'w': 1.25}, 'Win', {'w': 1.5}, 'Alt', {'w': 2.75}, '2.75U\n\nSpace', {'w': 2.25}, '2.25U\n\nShift', {'w': 1.5}, 'Alt', {'w': 1.25}, 'Win', {'x': 0.25, 'c': '#e6bd8a'}, 'Left', 'Down', 'Right']]
[key_placer.py:661]: Layout offset: (28575000, 28575000)
[board_modifier.py:85]: Setting MX1 footprint position: (38100000, 38100000)
[board_modifier.py:85]: Setting MX2 footprint position: (57150000, 38100000)
[board_modifier.py:85]: Setting MX3 footprint position: (76200000, 38100000)
[board_modifier.py:85]: Setting MX4 footprint position: (95250000, 38100000)
[board_modifier.py:85]: Setting MX5 footprint position: (114300000, 38100000)
[board_modifier.py:85]: Setting MX6 footprint position: (133350000, 38100000)
[board_modifier.py:85]: Setting MX7 footprint position: (152400000, 38100000)
[board_modifier.py:85]: Setting MX8 footprint position: (171450000, 38100000)
[board_modifier.py:85]: Setting MX9 footprint position: (190500000, 38100000)
[board_modifier.py:85]: Setting MX10 footprint position: (209550000, 38100000)
[board_modifier.py:85]: Setting MX11 footprint position: (228600000, 38100000)
[board_modifier.py:85]: Setting MX12 footprint position: (247650000, 38100000)
[board_modifier.py:85]: Setting MX13 footprint position: (266700000, 38100000)
[board_modifier.py:85]: Setting MX14 footprint position: (285750000, 38100000)
[board_modifier.py:85]: Setting MX15 footprint position: (304800000, 38100000)
[board_modifier.py:85]: Setting MX16 footprint position: (42862500, 57150000)
[board_modifier.py:85]: Setting MX17 footprint position: (66675000, 57150000)
[board_modifier.py:85]: Setting MX18 footprint position: (85725000, 57150000)
[board_modifier.py:85]: Setting MX19 footprint position: (104775000, 57150000)
[board_modifier.py:85]: Setting MX20 footprint position: (123825000, 57150000)
[board_modifier.py:85]: Setting MX21 footprint position: (142875000, 57150000)
[board_modifier.py:85]: Setting MX22 footprint position: (161925000, 57150000)
[board_modifier.py:85]: Setting MX23 footprint position: (180975000, 57150000)
[board_modifier.py:85]: Setting MX24 footprint position: (200025000, 57150000)
[board_modifier.py:85]: Setting MX25 footprint position: (219075000, 57150000)
[board_modifier.py:85]: Setting MX26 footprint position: (238125000, 57150000)
[board_modifier.py:85]: Setting MX27 footprint position: (257175000, 57150000)
[board_modifier.py:85]: Setting MX28 footprint position: (276225000, 57150000)
[board_modifier.py:85]: Setting MX29 footprint position: (300037500, 57150000)
[board_modifier.py:85]: Setting MX30 footprint position: (45243750, 76200000)
[board_modifier.py:85]: Setting MX31 footprint position: (71437500, 76200000)
[board_modifier.py:85]: Setting MX32 footprint position: (90487500, 76200000)
[board_modifier.py:85]: Setting MX33 footprint position: (109537500, 76200000)
[board_modifier.py:85]: Setting MX34 footprint position: (128587500, 76200000)
[board_modifier.py:85]: Setting MX35 footprint position: (147637500, 76200000)
[board_modifier.py:85]: Setting MX36 footprint position: (166687500, 76200000)
[board_modifier.py:85]: Setting MX37 footprint position: (185737500, 76200000)
[board_modifier.py:85]: Setting MX38 footprint position: (204787500, 76200000)
[board_modifier.py:85]: Setting MX39 footprint position: (223837500, 76200000)
[board_modifier.py:85]: Setting MX40 footprint position: (242887500, 76200000)
[board_modifier.py:85]: Setting MX41 footprint position: (261937500, 76200000)
[board_modifier.py:85]: Setting MX42 footprint position: (292893750, 76200000)
[board_modifier.py:85]: Setting MX43 footprint position: (47625000, 95250000)
[board_modifier.py:85]: Setting MX44 footprint position: (76200000, 95250000)
[board_modifier.py:85]: Setting MX45 footprint position: (95250000, 95250000)
[board_modifier.py:85]: Setting MX46 footprint position: (114300000, 95250000)
[board_modifier.py:85]: Setting MX47 footprint position: (133350000, 95250000)
[board_modifier.py:85]: Setting MX48 footprint position: (152400000, 95250000)
[board_modifier.py:85]: Setting MX49 footprint position: (171450000, 95250000)
[board_modifier.py:85]: Setting MX50 footprint position: (190500000, 95250000)
[board_modifier.py:85]: Setting MX51 footprint position: (209550000, 95250000)
[board_modifier.py:85]: Setting MX52 footprint position: (228600000, 95250000)
[board_modifier.py:85]: Setting MX53 footprint position: (247650000, 95250000)
[board_modifier.py:85]: Setting MX54 footprint position: (266700000, 95250000)
[board_modifier.py:85]: Setting MX55 footprint position: (285750000, 95250000)
[board_modifier.py:85]: Setting MX56 footprint position: (304800000, 95250000)
[board_modifier.py:85]: Setting MX57 footprint position: (38100000, 114300000)
[board_modifier.py:85]: Setting MX58 footprint position: (64293750, 114300000)
[board_modifier.py:85]: Setting MX59 footprint position: (90487500, 114300000)
[board_modifier.py:85]: Setting MX60 footprint position: (130968750, 114300000)
[board_modifier.py:85]: Setting MX61 footprint position: (178593750, 114300000)
[board_modifier.py:85]: Setting MX62 footprint position: (214312500, 114300000)
[board_modifier.py:85]: Setting MX63 footprint position: (240506250, 114300000)
[board_modifier.py:85]: Setting MX64 footprint position: (266700000, 114300000)
[board_modifier.py:85]: Setting MX65 footprint position: (285750000, 114300000)
[board_modifier.py:85]: Setting MX66 footprint position: (304800000, 114300000)
[key_placer.py:996]: Diode info: [ElementInfo(annotation_format='D{}', position_option=<PositionOption.CUSTOM: 'Custom'>, position=ElementPosition(x=3.175, y=0.794, orientation=90.0, side=<Side.BACK: 'Back'>), template_path='')]
[board_modifier.py:98]: Getting MX1 footprint position: (38100000, 38100000)
[board_modifier.py:85]: Setting D1 footprint position: (41275000, 38894000)
[board_modifier.py:98]: Getting MX2 footprint position: (57150000, 38100000)
[board_modifier.py:85]: Setting D2 footprint position: (60325000, 38894000)
[board_modifier.py:98]: Getting MX3 footprint position: (76200000, 38100000)
[board_modifier.py:85]: Setting D3 footprint position: (79375000, 38894000)
[board_modifier.py:98]: Getting MX4 footprint position: (95250000, 38100000)
[board_modifier.py:85]: Setting D4 footprint position: (98425000, 38894000)
[board_modifier.py:98]: Getting MX5 footprint position: (114300000, 38100000)
[board_modifier.py:85]: Setting D5 footprint position: (117475000, 38894000)
[board_modifier.py:98]: Getting MX6 footprint position: (133350000, 38100000)
[board_modifier.py:85]: Setting D6 footprint position: (136525000, 38894000)
[board_modifier.py:98]: Getting MX7 footprint position: (152400000, 38100000)
[board_modifier.py:85]: Setting D7 footprint position: (155575000, 38894000)
[board_modifier.py:98]: Getting MX8 footprint position: (171450000, 38100000)
[board_modifier.py:85]: Setting D8 footprint position: (174625000, 38894000)
[board_modifier.py:98]: Getting MX9 footprint position: (190500000, 38100000)
[board_modifier.py:85]: Setting D9 footprint position: (193675000, 38894000)
[board_modifier.py:98]: Getting MX10 footprint position: (209550000, 38100000)
[board_modifier.py:85]: Setting D10 footprint position: (212725000, 38894000)
[board_modifier.py:98]: Getting MX11 footprint position: (228600000, 38100000)
[board_modifier.py:85]: Setting D11 footprint position: (231775000, 38894000)
[board_modifier.py:98]: Getting MX12 footprint position: (247650000, 38100000)
[board_modifier.py:85]: Setting D12 footprint position: (250825000, 38894000)
[board_modifier.py:98]: Getting MX13 footprint position: (266700000, 38100000)
[board_modifier.py:85]: Setting D13 footprint position: (269875000, 38894000)
[board_modifier.py:98]: Getting MX14 footprint position: (285750000, 38100000)
[board_modifier.py:85]: Setting D14 footprint position: (288925000, 38894000)
[board_modifier.py:98]: Getting MX15 footprint position: (304800000, 38100000)
[board_modifier.py:85]: Setting D15 footprint position: (307975000, 38894000)
[board_modifier.py:98]: Getting MX16 footprint position: (42862500, 57150000)
[board_modifier.py:85]: Setting D16 footprint position: (46037500, 57944000)
[board_modifier.py:98]: Getting MX17 footprint position: (66675000, 57150000)
[board_modifier.py:85]: Setting D17 footprint position: (69850000, 57944000)
[board_modifier.py:98]: Getting MX18 footprint position: (85725000, 57150000)
[board_modifier.py:85]: Setting D18 footprint position: (88900000, 57944000)
[board_modifier.py:98]: Getting MX19 footprint position: (104775000, 57150000)
[board_modifier.py:85]: Setting D19 footprint position: (107950000, 57944000)
[board_modifier.py:98]: Getting MX20 footprint position: (123825000, 57150000)
[board_modifier.py:85]: Setting D20 footprint position: (127000000, 57944000)
[board_modifier.py:98]: Getting MX21 footprint position: (142875000, 57150000)
[board_modifier.py:85]: Setting D21 footprint position: (146050000, 57944000)
[board_modifier.py:98]: Getting MX22 footprint position: (161925000, 57150000)
[board_modifier.py:85]: Setting D22 footprint position: (165100000, 57944000)
[board_modifier.py:98]: Getting MX23 footprint position: (180975000, 57150000)
[board_modifier.py:85]: Setting D23 footprint position: (184150000, 57944000)
[board_modifier.py:98]: Getting MX24 footprint position: (200025000, 57150000)
[board_modifier.py:85]: Setting D24 footprint position: (203200000, 57944000)
[board_modifier.py:98]: Getting MX25 footprint position: (219075000, 57150000)
[board_modifier.py:85]: Setting D25 footprint position: (222250000, 57944000)
[board_modifier.py:98]: Getting MX26 footprint position: (238125000, 57150000)
[board_modifier.py:85]: Setting D26 footprint position: (241300000, 57944000)
[board_modifier.py:98]: Getting MX27 footprint position: (257175000, 57150000)
[board_modifier.py:85]: Setting D27 footprint position: (260350000, 57944000)
[board_modifier.py:98]: Getting MX28 footprint position: (276225000, 57150000)
[board_modifier.py:85]: Setting D28 footprint position: (279400000, 57944000)
[board_modifier.py:98]: Getting MX29 footprint position: (300037500, 57150000)
[board_modifier.py:85]: Setting D29 footprint position: (303212500, 57944000)
[board_modifier.py:98]: Getting MX30 footprint position: (45243750, 76200000)
[board_modifier.py:85]: Setting D30 footprint position: (48418750, 76994000)
[board_modifier.py:98]: Getting MX31 footprint position: (71437500, 76200000)
[board_modifier.py:85]: Setting D31 footprint position: (74612500, 76994000)
[board_modifier.py:98]: Getting MX32 footprint position: (90487500, 76200000)
[board_modifier.py:85]: Setting D32 footprint position: (93662500, 76994000)
[board_modifier.py:98]: Getting MX33 footprint position: (109537500, 76200000)
[board_modifier.py:85]: Setting D33 footprint position: (112712500, 76994000)
[board_modifier.py:98]: Getting MX34 footprint position: (128587500, 76200000)
[board_modifier.py:85]: Setting D34 footprint position: (131762500, 76994000)
[board_modifier.py:98]: Getting MX35 footprint position: (147637500, 76200000)
[board_modifier.py:85]: Setting D35 footprint position: (150812500, 76994000)
[board_modifier.py:98]: Getting MX36 footprint position: (166687500, 76200000)
[board_modifier.py:85]: Setting D36 footprint position: (169862500, 76994000)
[board_modifier.py:98]: Getting MX37 footprint position: (185737500, 76200000)
[board_modifier.py:85]: Setting D37 footprint position: (188912500, 76994000)
[board_modifier.py:98]: Getting MX38 footprint position: (204787500, 76200000)
[board_modifier.py:85]: Setting D38 footprint position: (207962500, 76994000)
[board_modifier.py:98]: Getting MX39 footprint position: (223837500, 76200000)
[board_modifier.py:85]: Setting D39 footprint position: (227012500, 76994000)
[board_modifier.py:98]: Getting MX40 footprint position: (242887500, 76200000)
[board_modifier.py:85]: Setting D40 footprint position: (246062500, 76994000)
[board_modifier.py:98]: Getting MX41 footprint position: (261937500, 76200000)
[board_modifier.py:85]: Setting D41 footprint position: (265112500, 76994000)
[board_modifier.py:98]: Getting MX42 footprint position: (292893750, 76200000)
[board_modifier.py:85]: Setting D42 footprint position: (296068750, 76994000)
[board_modifier.py:98]: Getting MX43 footprint position: (47625000, 95250000)
[board_modifier.py:85]: Setting D43 footprint position: (50800000, 96044000)
[board_modifier.py:98]: Getting MX44 footprint position: (76200000, 95250000)
[board_modifier.py:85]: Setting D44 footprint position: (79375000, 96044000)
[board_modifier.py:98]: Getting MX45 footprint position: (95250000, 95250000)
[board_modifier.py:85]: Setting D45 footprint position: (98425000, 96044000)
[board_modifier.py:98]: Getting MX46 footprint position: (114300000, 95250000)
[board_modifier.py:85]: Setting D46 footprint position: (117475000, 96044000)
[board_modifier.py:98]: Getting MX47 footprint position: (133350000, 95250000)
[board_modifier.py:85]: Setting D47 footprint position: (136525000, 96044000)
[board_modifier.py:98]: Getting MX48 footprint position: (152400000, 95250000)
[board_modifier.py:85]: Setting D48 footprint position: (155575000, 96044000)
[board_modifier.py:98]: Getting MX49 footprint position: (171450000, 95250000)
[board_modifier.py:85]: Setting D49 footprint position: (174625000, 96044000)
[board_modifier.py:98]: Getting MX50 footprint position: (190500000, 95250000)
[board_modifier.py:85]: Setting D50 footprint position: (193675000, 96044000)
[board_modifier.py:98]: Getting MX51 footprint position: (209550000, 95250000)
[board_modifier.py:85]: Setting D51 footprint position: (212725000, 96044000)
[board_modifier.py:98]: Getting MX52 footprint position: (228600000, 95250000)
[board_modifier.py:85]: Setting D52 footprint position: (231775000, 96044000)
[board_modifier.py:98]: Getting MX53 footprint position: (247650000, 95250000)
[board_modifier.py:85]: Setting D53 footprint position: (250825000, 96044000)
[board_modifier.py:98]: Getting MX54 footprint position: (266700000, 95250000)
[board_modifier.py:85]: Setting D54 footprint position: (269875000, 96044000)
[board_modifier.py:98]: Getting MX55 footprint position: (285750000, 95250000)
[board_modifier.py:85]: Setting D55 footprint position: (288925000, 96044000)
[board_modifier.py:98]: Getting MX56 footprint position: (304800000, 95250000)
[board_modifier.py:85]: Setting D56 footprint position: (307975000, 96044000)
[board_modifier.py:98]: Getting MX57 footprint position: (38100000, 114300000)
[board_modifier.py:85]: Setting D57 footprint position: (41275000, 115094000)
[board_modifier.py:98]: Getting MX58 footprint position: (64293750, 114300000)
[board_modifier.py:85]: Setting D58 footprint position: (67468750, 115094000)
[board_modifier.py:98]: Getting MX59 footprint position: (90487500, 114300000)
[board_modifier.py:85]: Setting D59 footprint position: (93662500, 115094000)
[board_modifier.py:98]: Getting MX60 footprint position: (130968750, 114300000)
[board_modifier.py:85]: Setting D60 footprint position: (134143750, 115094000)
[board_modifier.py:98]: Getting MX61 footprint position: (178593750, 114300000)
[board_modifier.py:85]: Setting D61 footprint position: (181768750, 115094000)
[board_modifier.py:98]: Getting MX62 footprint position: (214312500, 114300000)
[board_modifier.py:85]: Setting D62 footprint position: (217487500, 115094000)
[board_modifier.py:98]: Getting MX63 footprint position: (240506250, 114300000)
[board_modifier.py:85]: Setting D63 footprint position: (243681250, 115094000)
[board_modifier.py:98]: Getting MX64 footprint position: (266700000, 114300000)
[board_modifier.py:85]: Setting D64 footprint position: (269875000, 115094000)
[board_modifier.py:98]: Getting MX65 footprint position: (285750000, 114300000)
[board_modifier.py:85]: Setting D65 footprint position: (288925000, 115094000)
[board_modifier.py:98]: Getting MX66 footprint position: (304800000, 114300000)
[board_modifier.py:85]: Setting D66 footprint position: (307975000, 115094000)
[key_placer.py:774]: Placing additional elements for MX66
[board_modifier.py:98]: Getting MX66 footprint position: (304800000, 114300000)
[board_modifier.py:75]: Searching for optional ST66 footprint in /home/salaadas/Documents/keyboard/project_wada/wada_pcb_60/wada_pcb_60.kicad_pcb
[board_modifier.py:80]: Footprint not found
[key_placer.py:774]: Placing additional elements for MX65
[board_modifier.py:98]: Getting MX65 footprint position: (285750000, 114300000)
[board_modifier.py:75]: Searching for optional ST65 footprint in /home/salaadas/Documents/keyboard/project_wada/wada_pcb_60/wada_pcb_60.kicad_pcb
[board_modifier.py:80]: Footprint not found
[key_placer.py:774]: Placing additional elements for MX64
[board_modifier.py:98]: Getting MX64 footprint position: (266700000, 114300000)
[board_modifier.py:75]: Searching for optional ST64 footprint in /home/salaadas/Documents/keyboard/project_wada/wada_pcb_60/wada_pcb_60.kicad_pcb
[board_modifier.py:80]: Footprint not found
[key_placer.py:774]: Placing additional elements for MX63
[board_modifier.py:98]: Getting MX63 footprint position: (240506250, 114300000)
[board_modifier.py:75]: Searching for optional ST63 footprint in /home/salaadas/Documents/keyboard/project_wada/wada_pcb_60/wada_pcb_60.kicad_pcb
[board_modifier.py:80]: Footprint not found
[key_placer.py:774]: Placing additional elements for MX62
[board_modifier.py:98]: Getting MX62 footprint position: (214312500, 114300000)
[board_modifier.py:75]: Searching for optional ST62 footprint in /home/salaadas/Documents/keyboard/project_wada/wada_pcb_60/wada_pcb_60.kicad_pcb
[board_modifier.py:80]: Footprint not found
[key_placer.py:774]: Placing additional elements for MX61
[board_modifier.py:98]: Getting MX61 footprint position: (178593750, 114300000)
[board_modifier.py:75]: Searching for optional ST61 footprint in /home/salaadas/Documents/keyboard/project_wada/wada_pcb_60/wada_pcb_60.kicad_pcb
[board_modifier.py:80]: Footprint not found
[key_placer.py:774]: Placing additional elements for MX60
[board_modifier.py:98]: Getting MX60 footprint position: (130968750, 114300000)
[board_modifier.py:75]: Searching for optional ST60 footprint in /home/salaadas/Documents/keyboard/project_wada/wada_pcb_60/wada_pcb_60.kicad_pcb
[board_modifier.py:80]: Footprint not found
[key_placer.py:774]: Placing additional elements for MX59
[board_modifier.py:98]: Getting MX59 footprint position: (90487500, 114300000)
[board_modifier.py:75]: Searching for optional ST59 footprint in /home/salaadas/Documents/keyboard/project_wada/wada_pcb_60/wada_pcb_60.kicad_pcb
[board_modifier.py:80]: Footprint not found
[key_placer.py:774]: Placing additional elements for MX58
[board_modifier.py:98]: Getting MX58 footprint position: (64293750, 114300000)
[board_modifier.py:75]: Searching for optional ST58 footprint in /home/salaadas/Documents/keyboard/project_wada/wada_pcb_60/wada_pcb_60.kicad_pcb
[board_modifier.py:80]: Footprint not found
[key_placer.py:774]: Placing additional elements for MX57
[board_modifier.py:98]: Getting MX57 footprint position: (38100000, 114300000)
[board_modifier.py:75]: Searching for optional ST57 footprint in /home/salaadas/Documents/keyboard/project_wada/wada_pcb_60/wada_pcb_60.kicad_pcb
[board_modifier.py:80]: Footprint not found
[key_placer.py:774]: Placing additional elements for MX56
[board_modifier.py:98]: Getting MX56 footprint position: (304800000, 95250000)
[board_modifier.py:75]: Searching for optional ST56 footprint in /home/salaadas/Documents/keyboard/project_wada/wada_pcb_60/wada_pcb_60.kicad_pcb
[board_modifier.py:80]: Footprint not found
[key_placer.py:774]: Placing additional elements for MX55
[board_modifier.py:98]: Getting MX55 footprint position: (285750000, 95250000)
[board_modifier.py:75]: Searching for optional ST55 footprint in /home/salaadas/Documents/keyboard/project_wada/wada_pcb_60/wada_pcb_60.kicad_pcb
[board_modifier.py:80]: Footprint not found
[key_placer.py:774]: Placing additional elements for MX54
[board_modifier.py:98]: Getting MX54 footprint position: (266700000, 95250000)
[board_modifier.py:75]: Searching for optional ST54 footprint in /home/salaadas/Documents/keyboard/project_wada/wada_pcb_60/wada_pcb_60.kicad_pcb
[board_modifier.py:80]: Footprint not found
[key_placer.py:774]: Placing additional elements for MX53
[board_modifier.py:98]: Getting MX53 footprint position: (247650000, 95250000)
[board_modifier.py:75]: Searching for optional ST53 footprint in /home/salaadas/Documents/keyboard/project_wada/wada_pcb_60/wada_pcb_60.kicad_pcb
[board_modifier.py:80]: Footprint not found
[key_placer.py:774]: Placing additional elements for MX52
[board_modifier.py:98]: Getting MX52 footprint position: (228600000, 95250000)
[board_modifier.py:75]: Searching for optional ST52 footprint in /home/salaadas/Documents/keyboard/project_wada/wada_pcb_60/wada_pcb_60.kicad_pcb
[board_modifier.py:80]: Footprint not found
[key_placer.py:774]: Placing additional elements for MX51
[board_modifier.py:98]: Getting MX51 footprint position: (209550000, 95250000)
[board_modifier.py:75]: Searching for optional ST51 footprint in /home/salaadas/Documents/keyboard/project_wada/wada_pcb_60/wada_pcb_60.kicad_pcb
[board_modifier.py:80]: Footprint not found
[key_placer.py:774]: Placing additional elements for MX50
[board_modifier.py:98]: Getting MX50 footprint position: (190500000, 95250000)
[board_modifier.py:75]: Searching for optional ST50 footprint in /home/salaadas/Documents/keyboard/project_wada/wada_pcb_60/wada_pcb_60.kicad_pcb
[board_modifier.py:80]: Footprint not found
[key_placer.py:774]: Placing additional elements for MX49
[board_modifier.py:98]: Getting MX49 footprint position: (171450000, 95250000)
[board_modifier.py:75]: Searching for optional ST49 footprint in /home/salaadas/Documents/keyboard/project_wada/wada_pcb_60/wada_pcb_60.kicad_pcb
[board_modifier.py:80]: Footprint not found
[key_placer.py:774]: Placing additional elements for MX48
[board_modifier.py:98]: Getting MX48 footprint position: (152400000, 95250000)
[board_modifier.py:75]: Searching for optional ST48 footprint in /home/salaadas/Documents/keyboard/project_wada/wada_pcb_60/wada_pcb_60.kicad_pcb
[board_modifier.py:80]: Footprint not found
[key_placer.py:774]: Placing additional elements for MX47
[board_modifier.py:98]: Getting MX47 footprint position: (133350000, 95250000)
[board_modifier.py:75]: Searching for optional ST47 footprint in /home/salaadas/Documents/keyboard/project_wada/wada_pcb_60/wada_pcb_60.kicad_pcb
[board_modifier.py:80]: Footprint not found
[key_placer.py:774]: Placing additional elements for MX46
[board_modifier.py:98]: Getting MX46 footprint position: (114300000, 95250000)
[board_modifier.py:75]: Searching for optional ST46 footprint in /home/salaadas/Documents/keyboard/project_wada/wada_pcb_60/wada_pcb_60.kicad_pcb
[board_modifier.py:80]: Footprint not found
[key_placer.py:774]: Placing additional elements for MX45
[board_modifier.py:98]: Getting MX45 footprint position: (95250000, 95250000)
[board_modifier.py:75]: Searching for optional ST45 footprint in /home/salaadas/Documents/keyboard/project_wada/wada_pcb_60/wada_pcb_60.kicad_pcb
[board_modifier.py:80]: Footprint not found
[key_placer.py:774]: Placing additional elements for MX44
[board_modifier.py:98]: Getting MX44 footprint position: (76200000, 95250000)
[board_modifier.py:75]: Searching for optional ST44 footprint in /home/salaadas/Documents/keyboard/project_wada/wada_pcb_60/wada_pcb_60.kicad_pcb
[board_modifier.py:80]: Footprint not found
[key_placer.py:774]: Placing additional elements for MX43
[board_modifier.py:98]: Getting MX43 footprint position: (47625000, 95250000)
[board_modifier.py:75]: Searching for optional ST43 footprint in /home/salaadas/Documents/keyboard/project_wada/wada_pcb_60/wada_pcb_60.kicad_pcb
[board_modifier.py:80]: Footprint not found
[key_placer.py:774]: Placing additional elements for MX42
[board_modifier.py:98]: Getting MX42 footprint position: (292893750, 76200000)
[board_modifier.py:75]: Searching for optional ST42 footprint in /home/salaadas/Documents/keyboard/project_wada/wada_pcb_60/wada_pcb_60.kicad_pcb
[board_modifier.py:80]: Footprint not found
[key_placer.py:774]: Placing additional elements for MX41
[board_modifier.py:98]: Getting MX41 footprint position: (261937500, 76200000)
[board_modifier.py:75]: Searching for optional ST41 footprint in /home/salaadas/Documents/keyboard/project_wada/wada_pcb_60/wada_pcb_60.kicad_pcb
[board_modifier.py:80]: Footprint not found
[key_placer.py:774]: Placing additional elements for MX40
[board_modifier.py:98]: Getting MX40 footprint position: (242887500, 76200000)
[board_modifier.py:75]: Searching for optional ST40 footprint in /home/salaadas/Documents/keyboard/project_wada/wada_pcb_60/wada_pcb_60.kicad_pcb
[board_modifier.py:80]: Footprint not found
[key_placer.py:774]: Placing additional elements for MX39
[board_modifier.py:98]: Getting MX39 footprint position: (223837500, 76200000)
[board_modifier.py:75]: Searching for optional ST39 footprint in /home/salaadas/Documents/keyboard/project_wada/wada_pcb_60/wada_pcb_60.kicad_pcb
[board_modifier.py:80]: Footprint not found
[key_placer.py:774]: Placing additional elements for MX38
[board_modifier.py:98]: Getting MX38 footprint position: (204787500, 76200000)
[board_modifier.py:75]: Searching for optional ST38 footprint in /home/salaadas/Documents/keyboard/project_wada/wada_pcb_60/wada_pcb_60.kicad_pcb
[board_modifier.py:80]: Footprint not found
[key_placer.py:774]: Placing additional elements for MX37
[board_modifier.py:98]: Getting MX37 footprint position: (185737500, 76200000)
[board_modifier.py:75]: Searching for optional ST37 footprint in /home/salaadas/Documents/keyboard/project_wada/wada_pcb_60/wada_pcb_60.kicad_pcb
[board_modifier.py:80]: Footprint not found
[key_placer.py:774]: Placing additional elements for MX36
[board_modifier.py:98]: Getting MX36 footprint position: (166687500, 76200000)
[board_modifier.py:75]: Searching for optional ST36 footprint in /home/salaadas/Documents/keyboard/project_wada/wada_pcb_60/wada_pcb_60.kicad_pcb
[board_modifier.py:80]: Footprint not found
[key_placer.py:774]: Placing additional elements for MX35
[board_modifier.py:98]: Getting MX35 footprint position: (147637500, 76200000)
[board_modifier.py:75]: Searching for optional ST35 footprint in /home/salaadas/Documents/keyboard/project_wada/wada_pcb_60/wada_pcb_60.kicad_pcb
[board_modifier.py:80]: Footprint not found
[key_placer.py:774]: Placing additional elements for MX34
[board_modifier.py:98]: Getting MX34 footprint position: (128587500, 76200000)
[board_modifier.py:75]: Searching for optional ST34 footprint in /home/salaadas/Documents/keyboard/project_wada/wada_pcb_60/wada_pcb_60.kicad_pcb
[board_modifier.py:80]: Footprint not found
[key_placer.py:774]: Placing additional elements for MX33
[board_modifier.py:98]: Getting MX33 footprint position: (109537500, 76200000)
[board_modifier.py:75]: Searching for optional ST33 footprint in /home/salaadas/Documents/keyboard/project_wada/wada_pcb_60/wada_pcb_60.kicad_pcb
[board_modifier.py:80]: Footprint not found
[key_placer.py:774]: Placing additional elements for MX32
[board_modifier.py:98]: Getting MX32 footprint position: (90487500, 76200000)
[board_modifier.py:75]: Searching for optional ST32 footprint in /home/salaadas/Documents/keyboard/project_wada/wada_pcb_60/wada_pcb_60.kicad_pcb
[board_modifier.py:80]: Footprint not found
[key_placer.py:774]: Placing additional elements for MX31
[board_modifier.py:98]: Getting MX31 footprint position: (71437500, 76200000)
[board_modifier.py:75]: Searching for optional ST31 footprint in /home/salaadas/Documents/keyboard/project_wada/wada_pcb_60/wada_pcb_60.kicad_pcb
[board_modifier.py:80]: Footprint not found
[key_placer.py:774]: Placing additional elements for MX30
[board_modifier.py:98]: Getting MX30 footprint position: (45243750, 76200000)
[board_modifier.py:75]: Searching for optional ST30 footprint in /home/salaadas/Documents/keyboard/project_wada/wada_pcb_60/wada_pcb_60.kicad_pcb
[board_modifier.py:80]: Footprint not found
[key_placer.py:774]: Placing additional elements for MX29
[board_modifier.py:98]: Getting MX29 footprint position: (300037500, 57150000)
[board_modifier.py:75]: Searching for optional ST29 footprint in /home/salaadas/Documents/keyboard/project_wada/wada_pcb_60/wada_pcb_60.kicad_pcb
[board_modifier.py:80]: Footprint not found
[key_placer.py:774]: Placing additional elements for MX28
[board_modifier.py:98]: Getting MX28 footprint position: (276225000, 57150000)
[board_modifier.py:75]: Searching for optional ST28 footprint in /home/salaadas/Documents/keyboard/project_wada/wada_pcb_60/wada_pcb_60.kicad_pcb
[board_modifier.py:80]: Footprint not found
[key_placer.py:774]: Placing additional elements for MX27
[board_modifier.py:98]: Getting MX27 footprint position: (257175000, 57150000)
[board_modifier.py:75]: Searching for optional ST27 footprint in /home/salaadas/Documents/keyboard/project_wada/wada_pcb_60/wada_pcb_60.kicad_pcb
[board_modifier.py:80]: Footprint not found
[key_placer.py:774]: Placing additional elements for MX26
[board_modifier.py:98]: Getting MX26 footprint position: (238125000, 57150000)
[board_modifier.py:75]: Searching for optional ST26 footprint in /home/salaadas/Documents/keyboard/project_wada/wada_pcb_60/wada_pcb_60.kicad_pcb
[board_modifier.py:80]: Footprint not found
[key_placer.py:774]: Placing additional elements for MX25
[board_modifier.py:98]: Getting MX25 footprint position: (219075000, 57150000)
[board_modifier.py:75]: Searching for optional ST25 footprint in /home/salaadas/Documents/keyboard/project_wada/wada_pcb_60/wada_pcb_60.kicad_pcb
[board_modifier.py:80]: Footprint not found
[key_placer.py:774]: Placing additional elements for MX24
[board_modifier.py:98]: Getting MX24 footprint position: (200025000, 57150000)
[board_modifier.py:75]: Searching for optional ST24 footprint in /home/salaadas/Documents/keyboard/project_wada/wada_pcb_60/wada_pcb_60.kicad_pcb
[board_modifier.py:80]: Footprint not found
[key_placer.py:774]: Placing additional elements for MX23
[board_modifier.py:98]: Getting MX23 footprint position: (180975000, 57150000)
[board_modifier.py:75]: Searching for optional ST23 footprint in /home/salaadas/Documents/keyboard/project_wada/wada_pcb_60/wada_pcb_60.kicad_pcb
[board_modifier.py:80]: Footprint not found
[key_placer.py:774]: Placing additional elements for MX22
[board_modifier.py:98]: Getting MX22 footprint position: (161925000, 57150000)
[board_modifier.py:75]: Searching for optional ST22 footprint in /home/salaadas/Documents/keyboard/project_wada/wada_pcb_60/wada_pcb_60.kicad_pcb
[board_modifier.py:80]: Footprint not found
[key_placer.py:774]: Placing additional elements for MX21
[board_modifier.py:98]: Getting MX21 footprint position: (142875000, 57150000)
[board_modifier.py:75]: Searching for optional ST21 footprint in /home/salaadas/Documents/keyboard/project_wada/wada_pcb_60/wada_pcb_60.kicad_pcb
[board_modifier.py:80]: Footprint not found
[key_placer.py:774]: Placing additional elements for MX20
[board_modifier.py:98]: Getting MX20 footprint position: (123825000, 57150000)
[board_modifier.py:75]: Searching for optional ST20 footprint in /home/salaadas/Documents/keyboard/project_wada/wada_pcb_60/wada_pcb_60.kicad_pcb
[board_modifier.py:80]: Footprint not found
[key_placer.py:774]: Placing additional elements for MX19
[board_modifier.py:98]: Getting MX19 footprint position: (104775000, 57150000)
[board_modifier.py:75]: Searching for optional ST19 footprint in /home/salaadas/Documents/keyboard/project_wada/wada_pcb_60/wada_pcb_60.kicad_pcb
[board_modifier.py:80]: Footprint not found
[key_placer.py:774]: Placing additional elements for MX18
[board_modifier.py:98]: Getting MX18 footprint position: (85725000, 57150000)
[board_modifier.py:75]: Searching for optional ST18 footprint in /home/salaadas/Documents/keyboard/project_wada/wada_pcb_60/wada_pcb_60.kicad_pcb
[board_modifier.py:80]: Footprint not found
[key_placer.py:774]: Placing additional elements for MX17
[board_modifier.py:98]: Getting MX17 footprint position: (66675000, 57150000)
[board_modifier.py:75]: Searching for optional ST17 footprint in /home/salaadas/Documents/keyboard/project_wada/wada_pcb_60/wada_pcb_60.kicad_pcb
[board_modifier.py:80]: Footprint not found
[key_placer.py:774]: Placing additional elements for MX16
[board_modifier.py:98]: Getting MX16 footprint position: (42862500, 57150000)
[board_modifier.py:75]: Searching for optional ST16 footprint in /home/salaadas/Documents/keyboard/project_wada/wada_pcb_60/wada_pcb_60.kicad_pcb
[board_modifier.py:80]: Footprint not found
[key_placer.py:774]: Placing additional elements for MX15
[board_modifier.py:98]: Getting MX15 footprint position: (304800000, 38100000)
[board_modifier.py:75]: Searching for optional ST15 footprint in /home/salaadas/Documents/keyboard/project_wada/wada_pcb_60/wada_pcb_60.kicad_pcb
[board_modifier.py:80]: Footprint not found
[key_placer.py:774]: Placing additional elements for MX14
[board_modifier.py:98]: Getting MX14 footprint position: (285750000, 38100000)
[board_modifier.py:75]: Searching for optional ST14 footprint in /home/salaadas/Documents/keyboard/project_wada/wada_pcb_60/wada_pcb_60.kicad_pcb
[board_modifier.py:80]: Footprint not found
[key_placer.py:774]: Placing additional elements for MX13
[board_modifier.py:98]: Getting MX13 footprint position: (266700000, 38100000)
[board_modifier.py:75]: Searching for optional ST13 footprint in /home/salaadas/Documents/keyboard/project_wada/wada_pcb_60/wada_pcb_60.kicad_pcb
[board_modifier.py:80]: Footprint not found
[key_placer.py:774]: Placing additional elements for MX12
[board_modifier.py:98]: Getting MX12 footprint position: (247650000, 38100000)
[board_modifier.py:75]: Searching for optional ST12 footprint in /home/salaadas/Documents/keyboard/project_wada/wada_pcb_60/wada_pcb_60.kicad_pcb
[board_modifier.py:80]: Footprint not found
[key_placer.py:774]: Placing additional elements for MX11
[board_modifier.py:98]: Getting MX11 footprint position: (228600000, 38100000)
[board_modifier.py:75]: Searching for optional ST11 footprint in /home/salaadas/Documents/keyboard/project_wada/wada_pcb_60/wada_pcb_60.kicad_pcb
[board_modifier.py:80]: Footprint not found
[key_placer.py:774]: Placing additional elements for MX10
[board_modifier.py:98]: Getting MX10 footprint position: (209550000, 38100000)
[board_modifier.py:75]: Searching for optional ST10 footprint in /home/salaadas/Documents/keyboard/project_wada/wada_pcb_60/wada_pcb_60.kicad_pcb
[board_modifier.py:80]: Footprint not found
[key_placer.py:774]: Placing additional elements for MX9
[board_modifier.py:98]: Getting MX9 footprint position: (190500000, 38100000)
[board_modifier.py:75]: Searching for optional ST9 footprint in /home/salaadas/Documents/keyboard/project_wada/wada_pcb_60/wada_pcb_60.kicad_pcb
[board_modifier.py:80]: Footprint not found
[key_placer.py:774]: Placing additional elements for MX8
[board_modifier.py:98]: Getting MX8 footprint position: (171450000, 38100000)
[board_modifier.py:75]: Searching for optional ST8 footprint in /home/salaadas/Documents/keyboard/project_wada/wada_pcb_60/wada_pcb_60.kicad_pcb
[board_modifier.py:80]: Footprint not found
[key_placer.py:774]: Placing additional elements for MX7
[board_modifier.py:98]: Getting MX7 footprint position: (152400000, 38100000)
[board_modifier.py:75]: Searching for optional ST7 footprint in /home/salaadas/Documents/keyboard/project_wada/wada_pcb_60/wada_pcb_60.kicad_pcb
[board_modifier.py:80]: Footprint not found
[key_placer.py:774]: Placing additional elements for MX6
[board_modifier.py:98]: Getting MX6 footprint position: (133350000, 38100000)
[board_modifier.py:75]: Searching for optional ST6 footprint in /home/salaadas/Documents/keyboard/project_wada/wada_pcb_60/wada_pcb_60.kicad_pcb
[board_modifier.py:80]: Footprint not found
[key_placer.py:774]: Placing additional elements for MX5
[board_modifier.py:98]: Getting MX5 footprint position: (114300000, 38100000)
[board_modifier.py:75]: Searching for optional ST5 footprint in /home/salaadas/Documents/keyboard/project_wada/wada_pcb_60/wada_pcb_60.kicad_pcb
[board_modifier.py:80]: Footprint not found
[key_placer.py:774]: Placing additional elements for MX4
[board_modifier.py:98]: Getting MX4 footprint position: (95250000, 38100000)
[board_modifier.py:75]: Searching for optional ST4 footprint in /home/salaadas/Documents/keyboard/project_wada/wada_pcb_60/wada_pcb_60.kicad_pcb
[board_modifier.py:80]: Footprint not found
[key_placer.py:774]: Placing additional elements for MX3
[board_modifier.py:98]: Getting MX3 footprint position: (76200000, 38100000)
[board_modifier.py:75]: Searching for optional ST3 footprint in /home/salaadas/Documents/keyboard/project_wada/wada_pcb_60/wada_pcb_60.kicad_pcb
[board_modifier.py:80]: Footprint not found
[key_placer.py:774]: Placing additional elements for MX2
[board_modifier.py:98]: Getting MX2 footprint position: (57150000, 38100000)
[board_modifier.py:75]: Searching for optional ST2 footprint in /home/salaadas/Documents/keyboard/project_wada/wada_pcb_60/wada_pcb_60.kicad_pcb
[board_modifier.py:80]: Footprint not found
[key_placer.py:774]: Placing additional elements for MX1
[board_modifier.py:98]: Getting MX1 footprint position: (38100000, 38100000)
[board_modifier.py:75]: Searching for optional ST1 footprint in /home/salaadas/Documents/keyboard/project_wada/wada_pcb_60/wada_pcb_60.kicad_pcb
[board_modifier.py:80]: Footprint not found
[key_placer.py:423]: Routing MX66 with D66
[key_placer.py:425]: Using internal autorouter method
[board_modifier.py:522]: Routing at B.Cu layer
[board_modifier.py:539]: Netclass: Default, track width: 200000
[board_modifier.py:601]: Routing pad 'MX66:2' at (307340000, 109220000) with pad 'D66:2' at (307975000, 113444000) using coordinate system rotated by 0 degree(s)
[board_modifier.py:445]: Adding track segment (B.Cu): [(307340000, 109220000), (307340000, 112809000)]
[board_modifier.py:450]: Track added
[board_modifier.py:445]: Adding track segment (B.Cu): [(307340000, 112809000), (307975000, 113444000)]
[board_modifier.py:450]: Track added
[key_placer.py:423]: Routing MX65 with D65
[key_placer.py:425]: Using internal autorouter method
[board_modifier.py:522]: Routing at B.Cu layer
[board_modifier.py:539]: Netclass: Default, track width: 200000
[board_modifier.py:601]: Routing pad 'MX65:2' at (288290000, 109220000) with pad 'D65:2' at (288925000, 113444000) using coordinate system rotated by 0 degree(s)
[board_modifier.py:445]: Adding track segment (B.Cu): [(288290000, 109220000), (288290000, 112809000)]
[board_modifier.py:450]: Track added
[board_modifier.py:445]: Adding track segment (B.Cu): [(288290000, 112809000), (288925000, 113444000)]
[board_modifier.py:450]: Track added
[key_placer.py:423]: Routing MX64 with D64
[key_placer.py:425]: Using internal autorouter method
[board_modifier.py:522]: Routing at B.Cu layer
[board_modifier.py:539]: Netclass: Default, track width: 200000
[board_modifier.py:601]: Routing pad 'MX64:2' at (269240000, 109220000) with pad 'D64:2' at (269875000, 113444000) using coordinate system rotated by 0 degree(s)
[board_modifier.py:445]: Adding track segment (B.Cu): [(269240000, 109220000), (269240000, 112809000)]
[board_modifier.py:450]: Track added
[board_modifier.py:445]: Adding track segment (B.Cu): [(269240000, 112809000), (269875000, 113444000)]
[board_modifier.py:450]: Track added
[key_placer.py:423]: Routing MX63 with D63
[key_placer.py:425]: Using internal autorouter method
[board_modifier.py:522]: Routing at B.Cu layer
[board_modifier.py:539]: Netclass: Default, track width: 200000
[board_modifier.py:601]: Routing pad 'MX63:2' at (243046250, 109220000) with pad 'D63:2' at (243681250, 113444000) using coordinate system rotated by 0 degree(s)
[board_modifier.py:445]: Adding track segment (B.Cu): [(243046250, 109220000), (243046250, 112809000)]
[board_modifier.py:450]: Track added
[board_modifier.py:445]: Adding track segment (B.Cu): [(243046250, 112809000), (243681250, 113444000)]
[board_modifier.py:450]: Track added
[key_placer.py:423]: Routing MX62 with D62
[key_placer.py:425]: Using internal autorouter method
[board_modifier.py:522]: Routing at B.Cu layer
[board_modifier.py:539]: Netclass: Default, track width: 200000
[board_modifier.py:601]: Routing pad 'MX62:2' at (216852500, 109220000) with pad 'D62:2' at (217487500, 113444000) using coordinate system rotated by 0 degree(s)
[board_modifier.py:445]: Adding track segment (B.Cu): [(216852500, 109220000), (216852500, 112809000)]
[board_modifier.py:450]: Track added
[board_modifier.py:445]: Adding track segment (B.Cu): [(216852500, 112809000), (217487500, 113444000)]
[board_modifier.py:450]: Track added
[key_placer.py:423]: Routing MX61 with D61
[key_placer.py:425]: Using internal autorouter method
[board_modifier.py:522]: Routing at B.Cu layer
[board_modifier.py:539]: Netclass: Default, track width: 200000
[board_modifier.py:601]: Routing pad 'MX61:2' at (181133750, 109220000) with pad 'D61:2' at (181768750, 113444000) using coordinate system rotated by 0 degree(s)
[board_modifier.py:445]: Adding track segment (B.Cu): [(181133750, 109220000), (181133750, 112809000)]
[board_modifier.py:450]: Track added
[board_modifier.py:445]: Adding track segment (B.Cu): [(181133750, 112809000), (181768750, 113444000)]
[board_modifier.py:450]: Track added
[key_placer.py:423]: Routing MX60 with D60
[key_placer.py:425]: Using internal autorouter method
[board_modifier.py:522]: Routing at B.Cu layer
[board_modifier.py:539]: Netclass: Default, track width: 200000
[board_modifier.py:601]: Routing pad 'MX60:2' at (133508750, 109220000) with pad 'D60:2' at (134143750, 113444000) using coordinate system rotated by 0 degree(s)
[board_modifier.py:445]: Adding track segment (B.Cu): [(133508750, 109220000), (133508750, 112809000)]
[board_modifier.py:450]: Track added
[board_modifier.py:445]: Adding track segment (B.Cu): [(133508750, 112809000), (134143750, 113444000)]
[board_modifier.py:450]: Track added
[key_placer.py:423]: Routing MX59 with D59
[key_placer.py:425]: Using internal autorouter method
[board_modifier.py:522]: Routing at B.Cu layer
[board_modifier.py:539]: Netclass: Default, track width: 200000
[board_modifier.py:601]: Routing pad 'MX59:2' at (93027500, 109220000) with pad 'D59:2' at (93662500, 113444000) using coordinate system rotated by 0 degree(s)
[board_modifier.py:445]: Adding track segment (B.Cu): [(93027500, 109220000), (93027500, 112809000)]
[board_modifier.py:450]: Track added
[board_modifier.py:445]: Adding track segment (B.Cu): [(93027500, 112809000), (93662500, 113444000)]
[board_modifier.py:450]: Track added
[key_placer.py:423]: Routing MX58 with D58
[key_placer.py:425]: Using internal autorouter method
[board_modifier.py:522]: Routing at B.Cu layer
[board_modifier.py:539]: Netclass: Default, track width: 200000
[board_modifier.py:601]: Routing pad 'MX58:2' at (66833750, 109220000) with pad 'D58:2' at (67468750, 113444000) using coordinate system rotated by 0 degree(s)
[board_modifier.py:445]: Adding track segment (B.Cu): [(66833750, 109220000), (66833750, 112809000)]
[board_modifier.py:450]: Track added
[board_modifier.py:445]: Adding track segment (B.Cu): [(66833750, 112809000), (67468750, 113444000)]
[board_modifier.py:450]: Track added
[key_placer.py:423]: Routing MX57 with D57
[key_placer.py:425]: Using internal autorouter method
[board_modifier.py:522]: Routing at B.Cu layer
[board_modifier.py:539]: Netclass: Default, track width: 200000
[board_modifier.py:601]: Routing pad 'MX57:2' at (40640000, 109220000) with pad 'D57:2' at (41275000, 113444000) using coordinate system rotated by 0 degree(s)
[board_modifier.py:445]: Adding track segment (B.Cu): [(40640000, 109220000), (40640000, 112809000)]
[board_modifier.py:450]: Track added
[board_modifier.py:445]: Adding track segment (B.Cu): [(40640000, 112809000), (41275000, 113444000)]
[board_modifier.py:450]: Track added
[key_placer.py:423]: Routing MX56 with D56
[key_placer.py:425]: Using internal autorouter method
[board_modifier.py:522]: Routing at B.Cu layer
[board_modifier.py:539]: Netclass: Default, track width: 200000
[board_modifier.py:601]: Routing pad 'MX56:2' at (307340000, 90170000) with pad 'D56:2' at (307975000, 94394000) using coordinate system rotated by 0 degree(s)
[board_modifier.py:445]: Adding track segment (B.Cu): [(307340000, 90170000), (307340000, 93759000)]
[board_modifier.py:450]: Track added
[board_modifier.py:445]: Adding track segment (B.Cu): [(307340000, 93759000), (307975000, 94394000)]
[board_modifier.py:450]: Track added
[key_placer.py:423]: Routing MX55 with D55
[key_placer.py:425]: Using internal autorouter method
[board_modifier.py:522]: Routing at B.Cu layer
[board_modifier.py:539]: Netclass: Default, track width: 200000
[board_modifier.py:601]: Routing pad 'MX55:2' at (288290000, 90170000) with pad 'D55:2' at (288925000, 94394000) using coordinate system rotated by 0 degree(s)
[board_modifier.py:445]: Adding track segment (B.Cu): [(288290000, 90170000), (288290000, 93759000)]
[board_modifier.py:450]: Track added
[board_modifier.py:445]: Adding track segment (B.Cu): [(288290000, 93759000), (288925000, 94394000)]
[board_modifier.py:450]: Track added
[key_placer.py:423]: Routing MX54 with D54
[key_placer.py:425]: Using internal autorouter method
[board_modifier.py:522]: Routing at B.Cu layer
[board_modifier.py:539]: Netclass: Default, track width: 200000
[board_modifier.py:601]: Routing pad 'MX54:2' at (269240000, 90170000) with pad 'D54:2' at (269875000, 94394000) using coordinate system rotated by 0 degree(s)
[board_modifier.py:445]: Adding track segment (B.Cu): [(269240000, 90170000), (269240000, 93759000)]
[board_modifier.py:450]: Track added
[board_modifier.py:445]: Adding track segment (B.Cu): [(269240000, 93759000), (269875000, 94394000)]
[board_modifier.py:450]: Track added
[key_placer.py:423]: Routing MX53 with D53
[key_placer.py:425]: Using internal autorouter method
[board_modifier.py:522]: Routing at B.Cu layer
[board_modifier.py:539]: Netclass: Default, track width: 200000
[board_modifier.py:601]: Routing pad 'MX53:2' at (250190000, 90170000) with pad 'D53:2' at (250825000, 94394000) using coordinate system rotated by 0 degree(s)
[board_modifier.py:445]: Adding track segment (B.Cu): [(250190000, 90170000), (250190000, 93759000)]
[board_modifier.py:450]: Track added
[board_modifier.py:445]: Adding track segment (B.Cu): [(250190000, 93759000), (250825000, 94394000)]
[board_modifier.py:450]: Track added
[key_placer.py:423]: Routing MX52 with D52
[key_placer.py:425]: Using internal autorouter method
[board_modifier.py:522]: Routing at B.Cu layer
[board_modifier.py:539]: Netclass: Default, track width: 200000
[board_modifier.py:601]: Routing pad 'MX52:2' at (231140000, 90170000) with pad 'D52:2' at (231775000, 94394000) using coordinate system rotated by 0 degree(s)
[board_modifier.py:445]: Adding track segment (B.Cu): [(231140000, 90170000), (231140000, 93759000)]
[board_modifier.py:450]: Track added
[board_modifier.py:445]: Adding track segment (B.Cu): [(231140000, 93759000), (231775000, 94394000)]
[board_modifier.py:450]: Track added
[key_placer.py:423]: Routing MX51 with D51
[key_placer.py:425]: Using internal autorouter method
[board_modifier.py:522]: Routing at B.Cu layer
[board_modifier.py:539]: Netclass: Default, track width: 200000
[board_modifier.py:601]: Routing pad 'MX51:2' at (212090000, 90170000) with pad 'D51:2' at (212725000, 94394000) using coordinate system rotated by 0 degree(s)
[board_modifier.py:445]: Adding track segment (B.Cu): [(212090000, 90170000), (212090000, 93759000)]
[board_modifier.py:450]: Track added
[board_modifier.py:445]: Adding track segment (B.Cu): [(212090000, 93759000), (212725000, 94394000)]
[board_modifier.py:450]: Track added
[key_placer.py:423]: Routing MX50 with D50
[key_placer.py:425]: Using internal autorouter method
[board_modifier.py:522]: Routing at B.Cu layer
[board_modifier.py:539]: Netclass: Default, track width: 200000
[board_modifier.py:601]: Routing pad 'MX50:2' at (193040000, 90170000) with pad 'D50:2' at (193675000, 94394000) using coordinate system rotated by 0 degree(s)
[board_modifier.py:445]: Adding track segment (B.Cu): [(193040000, 90170000), (193040000, 93759000)]
[board_modifier.py:450]: Track added
[board_modifier.py:445]: Adding track segment (B.Cu): [(193040000, 93759000), (193675000, 94394000)]
[board_modifier.py:450]: Track added
[key_placer.py:423]: Routing MX49 with D49
[key_placer.py:425]: Using internal autorouter method
[board_modifier.py:522]: Routing at B.Cu layer
[board_modifier.py:539]: Netclass: Default, track width: 200000
[board_modifier.py:601]: Routing pad 'MX49:2' at (173990000, 90170000) with pad 'D49:2' at (174625000, 94394000) using coordinate system rotated by 0 degree(s)
[board_modifier.py:445]: Adding track segment (B.Cu): [(173990000, 90170000), (173990000, 93759000)]
[board_modifier.py:450]: Track added
[board_modifier.py:445]: Adding track segment (B.Cu): [(173990000, 93759000), (174625000, 94394000)]
[board_modifier.py:450]: Track added
[key_placer.py:423]: Routing MX48 with D48
[key_placer.py:425]: Using internal autorouter method
[board_modifier.py:522]: Routing at B.Cu layer
[board_modifier.py:539]: Netclass: Default, track width: 200000
[board_modifier.py:601]: Routing pad 'MX48:2' at (154940000, 90170000) with pad 'D48:2' at (155575000, 94394000) using coordinate system rotated by 0 degree(s)
[board_modifier.py:445]: Adding track segment (B.Cu): [(154940000, 90170000), (154940000, 93759000)]
[board_modifier.py:450]: Track added
[board_modifier.py:445]: Adding track segment (B.Cu): [(154940000, 93759000), (155575000, 94394000)]
[board_modifier.py:450]: Track added
[key_placer.py:423]: Routing MX47 with D47
[key_placer.py:425]: Using internal autorouter method
[board_modifier.py:522]: Routing at B.Cu layer
[board_modifier.py:539]: Netclass: Default, track width: 200000
[board_modifier.py:601]: Routing pad 'MX47:2' at (135890000, 90170000) with pad 'D47:2' at (136525000, 94394000) using coordinate system rotated by 0 degree(s)
[board_modifier.py:445]: Adding track segment (B.Cu): [(135890000, 90170000), (135890000, 93759000)]
[board_modifier.py:450]: Track added
[board_modifier.py:445]: Adding track segment (B.Cu): [(135890000, 93759000), (136525000, 94394000)]
[board_modifier.py:450]: Track added
[key_placer.py:423]: Routing MX46 with D46
[key_placer.py:425]: Using internal autorouter method
[board_modifier.py:522]: Routing at B.Cu layer
[board_modifier.py:539]: Netclass: Default, track width: 200000
[board_modifier.py:601]: Routing pad 'MX46:2' at (116840000, 90170000) with pad 'D46:2' at (117475000, 94394000) using coordinate system rotated by 0 degree(s)
[board_modifier.py:445]: Adding track segment (B.Cu): [(116840000, 90170000), (116840000, 93759000)]
[board_modifier.py:450]: Track added
[board_modifier.py:445]: Adding track segment (B.Cu): [(116840000, 93759000), (117475000, 94394000)]
[board_modifier.py:450]: Track added
[key_placer.py:423]: Routing MX45 with D45
[key_placer.py:425]: Using internal autorouter method
[board_modifier.py:522]: Routing at B.Cu layer
[board_modifier.py:539]: Netclass: Default, track width: 200000
[board_modifier.py:601]: Routing pad 'MX45:2' at (97790000, 90170000) with pad 'D45:2' at (98425000, 94394000) using coordinate system rotated by 0 degree(s)
[board_modifier.py:445]: Adding track segment (B.Cu): [(97790000, 90170000), (97790000, 93759000)]
[board_modifier.py:450]: Track added
[board_modifier.py:445]: Adding track segment (B.Cu): [(97790000, 93759000), (98425000, 94394000)]
[board_modifier.py:450]: Track added
[key_placer.py:423]: Routing MX44 with D44
[key_placer.py:425]: Using internal autorouter method
[board_modifier.py:522]: Routing at B.Cu layer
[board_modifier.py:539]: Netclass: Default, track width: 200000
[board_modifier.py:601]: Routing pad 'MX44:2' at (78740000, 90170000) with pad 'D44:2' at (79375000, 94394000) using coordinate system rotated by 0 degree(s)
[board_modifier.py:445]: Adding track segment (B.Cu): [(78740000, 90170000), (78740000, 93759000)]
[board_modifier.py:450]: Track added
[board_modifier.py:445]: Adding track segment (B.Cu): [(78740000, 93759000), (79375000, 94394000)]
[board_modifier.py:450]: Track added
[key_placer.py:423]: Routing MX43 with D43
[key_placer.py:425]: Using internal autorouter method
[board_modifier.py:522]: Routing at B.Cu layer
[board_modifier.py:539]: Netclass: Default, track width: 200000
[board_modifier.py:601]: Routing pad 'MX43:2' at (50165000, 90170000) with pad 'D43:2' at (50800000, 94394000) using coordinate system rotated by 0 degree(s)
[board_modifier.py:445]: Adding track segment (B.Cu): [(50165000, 90170000), (50165000, 93759000)]
[board_modifier.py:450]: Track added
[board_modifier.py:445]: Adding track segment (B.Cu): [(50165000, 93759000), (50800000, 94394000)]
[board_modifier.py:450]: Track added
[key_placer.py:423]: Routing MX42 with D42
[key_placer.py:425]: Using internal autorouter method
[board_modifier.py:522]: Routing at B.Cu layer
[board_modifier.py:539]: Netclass: Default, track width: 200000
[board_modifier.py:601]: Routing pad 'MX42:2' at (295433750, 71120000) with pad 'D42:2' at (296068750, 75344000) using coordinate system rotated by 0 degree(s)
[board_modifier.py:445]: Adding track segment (B.Cu): [(295433750, 71120000), (295433750, 74709000)]
[board_modifier.py:450]: Track added
[board_modifier.py:445]: Adding track segment (B.Cu): [(295433750, 74709000), (296068750, 75344000)]
[board_modifier.py:450]: Track added
[key_placer.py:423]: Routing MX41 with D41
[key_placer.py:425]: Using internal autorouter method
[board_modifier.py:522]: Routing at B.Cu layer
[board_modifier.py:539]: Netclass: Default, track width: 200000
[board_modifier.py:601]: Routing pad 'MX41:2' at (264477500, 71120000) with pad 'D41:2' at (265112500, 75344000) using coordinate system rotated by 0 degree(s)
[board_modifier.py:445]: Adding track segment (B.Cu): [(264477500, 71120000), (264477500, 74709000)]
[board_modifier.py:450]: Track added
[board_modifier.py:445]: Adding track segment (B.Cu): [(264477500, 74709000), (265112500, 75344000)]
[board_modifier.py:450]: Track added
[key_placer.py:423]: Routing MX40 with D40
[key_placer.py:425]: Using internal autorouter method
[board_modifier.py:522]: Routing at B.Cu layer
[board_modifier.py:539]: Netclass: Default, track width: 200000
[board_modifier.py:601]: Routing pad 'MX40:2' at (245427500, 71120000) with pad 'D40:2' at (246062500, 75344000) using coordinate system rotated by 0 degree(s)
[board_modifier.py:445]: Adding track segment (B.Cu): [(245427500, 71120000), (245427500, 74709000)]
[board_modifier.py:450]: Track added
[board_modifier.py:445]: Adding track segment (B.Cu): [(245427500, 74709000), (246062500, 75344000)]
[board_modifier.py:450]: Track added
[key_placer.py:423]: Routing MX39 with D39
[key_placer.py:425]: Using internal autorouter method
[board_modifier.py:522]: Routing at B.Cu layer
[board_modifier.py:539]: Netclass: Default, track width: 200000
[board_modifier.py:601]: Routing pad 'MX39:2' at (226377500, 71120000) with pad 'D39:2' at (227012500, 75344000) using coordinate system rotated by 0 degree(s)
[board_modifier.py:445]: Adding track segment (B.Cu): [(226377500, 71120000), (226377500, 74709000)]
[board_modifier.py:450]: Track added
[board_modifier.py:445]: Adding track segment (B.Cu): [(226377500, 74709000), (227012500, 75344000)]
[board_modifier.py:450]: Track added
[key_placer.py:423]: Routing MX38 with D38
[key_placer.py:425]: Using internal autorouter method
[board_modifier.py:522]: Routing at B.Cu layer
[board_modifier.py:539]: Netclass: Default, track width: 200000
[board_modifier.py:601]: Routing pad 'MX38:2' at (207327500, 71120000) with pad 'D38:2' at (207962500, 75344000) using coordinate system rotated by 0 degree(s)
[board_modifier.py:445]: Adding track segment (B.Cu): [(207327500, 71120000), (207327500, 74709000)]
[board_modifier.py:450]: Track added
[board_modifier.py:445]: Adding track segment (B.Cu): [(207327500, 74709000), (207962500, 75344000)]
[board_modifier.py:450]: Track added
[key_placer.py:423]: Routing MX37 with D37
[key_placer.py:425]: Using internal autorouter method
[board_modifier.py:522]: Routing at B.Cu layer
[board_modifier.py:539]: Netclass: Default, track width: 200000
[board_modifier.py:601]: Routing pad 'MX37:2' at (188277500, 71120000) with pad 'D37:2' at (188912500, 75344000) using coordinate system rotated by 0 degree(s)
[board_modifier.py:445]: Adding track segment (B.Cu): [(188277500, 71120000), (188277500, 74709000)]
[board_modifier.py:450]: Track added
[board_modifier.py:445]: Adding track segment (B.Cu): [(188277500, 74709000), (188912500, 75344000)]
[board_modifier.py:450]: Track added
[key_placer.py:423]: Routing MX36 with D36
[key_placer.py:425]: Using internal autorouter method
[board_modifier.py:522]: Routing at B.Cu layer
[board_modifier.py:539]: Netclass: Default, track width: 200000
[board_modifier.py:601]: Routing pad 'MX36:2' at (169227500, 71120000) with pad 'D36:2' at (169862500, 75344000) using coordinate system rotated by 0 degree(s)
[board_modifier.py:445]: Adding track segment (B.Cu): [(169227500, 71120000), (169227500, 74709000)]
[board_modifier.py:450]: Track added
[board_modifier.py:445]: Adding track segment (B.Cu): [(169227500, 74709000), (169862500, 75344000)]
[board_modifier.py:450]: Track added
[key_placer.py:423]: Routing MX35 with D35
[key_placer.py:425]: Using internal autorouter method
[board_modifier.py:522]: Routing at B.Cu layer
[board_modifier.py:539]: Netclass: Default, track width: 200000
[board_modifier.py:601]: Routing pad 'MX35:2' at (150177500, 71120000) with pad 'D35:2' at (150812500, 75344000) using coordinate system rotated by 0 degree(s)
[board_modifier.py:445]: Adding track segment (B.Cu): [(150177500, 71120000), (150177500, 74709000)]
[board_modifier.py:450]: Track added
[board_modifier.py:445]: Adding track segment (B.Cu): [(150177500, 74709000), (150812500, 75344000)]
[board_modifier.py:450]: Track added
[key_placer.py:423]: Routing MX34 with D34
[key_placer.py:425]: Using internal autorouter method
[board_modifier.py:522]: Routing at B.Cu layer
[board_modifier.py:539]: Netclass: Default, track width: 200000
[board_modifier.py:601]: Routing pad 'MX34:2' at (131127500, 71120000) with pad 'D34:2' at (131762500, 75344000) using coordinate system rotated by 0 degree(s)
[board_modifier.py:445]: Adding track segment (B.Cu): [(131127500, 71120000), (131127500, 74709000)]
[board_modifier.py:450]: Track added
[board_modifier.py:445]: Adding track segment (B.Cu): [(131127500, 74709000), (131762500, 75344000)]
[board_modifier.py:450]: Track added
[key_placer.py:423]: Routing MX33 with D33
[key_placer.py:425]: Using internal autorouter method
[board_modifier.py:522]: Routing at B.Cu layer
[board_modifier.py:539]: Netclass: Default, track width: 200000
[board_modifier.py:601]: Routing pad 'MX33:2' at (112077500, 71120000) with pad 'D33:2' at (112712500, 75344000) using coordinate system rotated by 0 degree(s)
[board_modifier.py:445]: Adding track segment (B.Cu): [(112077500, 71120000), (112077500, 74709000)]
[board_modifier.py:450]: Track added
[board_modifier.py:445]: Adding track segment (B.Cu): [(112077500, 74709000), (112712500, 75344000)]
[board_modifier.py:450]: Track added
[key_placer.py:423]: Routing MX32 with D32
[key_placer.py:425]: Using internal autorouter method
[board_modifier.py:522]: Routing at B.Cu layer
[board_modifier.py:539]: Netclass: Default, track width: 200000
[board_modifier.py:601]: Routing pad 'MX32:2' at (93027500, 71120000) with pad 'D32:2' at (93662500, 75344000) using coordinate system rotated by 0 degree(s)
[board_modifier.py:445]: Adding track segment (B.Cu): [(93027500, 71120000), (93027500, 74709000)]
[board_modifier.py:450]: Track added
[board_modifier.py:445]: Adding track segment (B.Cu): [(93027500, 74709000), (93662500, 75344000)]
[board_modifier.py:450]: Track added
[key_placer.py:423]: Routing MX31 with D31
[key_placer.py:425]: Using internal autorouter method
[board_modifier.py:522]: Routing at B.Cu layer
[board_modifier.py:539]: Netclass: Default, track width: 200000
[board_modifier.py:601]: Routing pad 'MX31:2' at (73977500, 71120000) with pad 'D31:2' at (74612500, 75344000) using coordinate system rotated by 0 degree(s)
[board_modifier.py:445]: Adding track segment (B.Cu): [(73977500, 71120000), (73977500, 74709000)]
[board_modifier.py:450]: Track added
[board_modifier.py:445]: Adding track segment (B.Cu): [(73977500, 74709000), (74612500, 75344000)]
[board_modifier.py:450]: Track added
[key_placer.py:423]: Routing MX30 with D30
[key_placer.py:425]: Using internal autorouter method
[board_modifier.py:522]: Routing at B.Cu layer
[board_modifier.py:539]: Netclass: Default, track width: 200000
[board_modifier.py:601]: Routing pad 'MX30:2' at (47783750, 71120000) with pad 'D30:2' at (48418750, 75344000) using coordinate system rotated by 0 degree(s)
[board_modifier.py:445]: Adding track segment (B.Cu): [(47783750, 71120000), (47783750, 74709000)]
[board_modifier.py:450]: Track added
[board_modifier.py:445]: Adding track segment (B.Cu): [(47783750, 74709000), (48418750, 75344000)]
[board_modifier.py:450]: Track added
[key_placer.py:423]: Routing MX29 with D29
[key_placer.py:425]: Using internal autorouter method
[board_modifier.py:522]: Routing at B.Cu layer
[board_modifier.py:539]: Netclass: Default, track width: 200000
[board_modifier.py:601]: Routing pad 'MX29:2' at (302577500, 52070000) with pad 'D29:2' at (303212500, 56294000) using coordinate system rotated by 0 degree(s)
[board_modifier.py:445]: Adding track segment (B.Cu): [(302577500, 52070000), (302577500, 55659000)]
[board_modifier.py:450]: Track added
[board_modifier.py:445]: Adding track segment (B.Cu): [(302577500, 55659000), (303212500, 56294000)]
[board_modifier.py:450]: Track added
[key_placer.py:423]: Routing MX28 with D28
[key_placer.py:425]: Using internal autorouter method
[board_modifier.py:522]: Routing at B.Cu layer
[board_modifier.py:539]: Netclass: Default, track width: 200000
[board_modifier.py:601]: Routing pad 'MX28:2' at (278765000, 52070000) with pad 'D28:2' at (279400000, 56294000) using coordinate system rotated by 0 degree(s)
[board_modifier.py:445]: Adding track segment (B.Cu): [(278765000, 52070000), (278765000, 55659000)]
[board_modifier.py:450]: Track added
[board_modifier.py:445]: Adding track segment (B.Cu): [(278765000, 55659000), (279400000, 56294000)]
[board_modifier.py:450]: Track added
[key_placer.py:423]: Routing MX27 with D27
[key_placer.py:425]: Using internal autorouter method
[board_modifier.py:522]: Routing at B.Cu layer
[board_modifier.py:539]: Netclass: Default, track width: 200000
[board_modifier.py:601]: Routing pad 'MX27:2' at (259715000, 52070000) with pad 'D27:2' at (260350000, 56294000) using coordinate system rotated by 0 degree(s)
[board_modifier.py:445]: Adding track segment (B.Cu): [(259715000, 52070000), (259715000, 55659000)]
[board_modifier.py:450]: Track added
[board_modifier.py:445]: Adding track segment (B.Cu): [(259715000, 55659000), (260350000, 56294000)]
[board_modifier.py:450]: Track added
[key_placer.py:423]: Routing MX26 with D26
[key_placer.py:425]: Using internal autorouter method
[board_modifier.py:522]: Routing at B.Cu layer
[board_modifier.py:539]: Netclass: Default, track width: 200000
[board_modifier.py:601]: Routing pad 'MX26:2' at (240665000, 52070000) with pad 'D26:2' at (241300000, 56294000) using coordinate system rotated by 0 degree(s)
[board_modifier.py:445]: Adding track segment (B.Cu): [(240665000, 52070000), (240665000, 55659000)]
[board_modifier.py:450]: Track added
[board_modifier.py:445]: Adding track segment (B.Cu): [(240665000, 55659000), (241300000, 56294000)]
[board_modifier.py:450]: Track added
[key_placer.py:423]: Routing MX25 with D25
[key_placer.py:425]: Using internal autorouter method
[board_modifier.py:522]: Routing at B.Cu layer
[board_modifier.py:539]: Netclass: Default, track width: 200000
[board_modifier.py:601]: Routing pad 'MX25:2' at (221615000, 52070000) with pad 'D25:2' at (222250000, 56294000) using coordinate system rotated by 0 degree(s)
[board_modifier.py:445]: Adding track segment (B.Cu): [(221615000, 52070000), (221615000, 55659000)]
[board_modifier.py:450]: Track added
[board_modifier.py:445]: Adding track segment (B.Cu): [(221615000, 55659000), (222250000, 56294000)]
[board_modifier.py:450]: Track added
[key_placer.py:423]: Routing MX24 with D24
[key_placer.py:425]: Using internal autorouter method
[board_modifier.py:522]: Routing at B.Cu layer
[board_modifier.py:539]: Netclass: Default, track width: 200000
[board_modifier.py:601]: Routing pad 'MX24:2' at (202565000, 52070000) with pad 'D24:2' at (203200000, 56294000) using coordinate system rotated by 0 degree(s)
[board_modifier.py:445]: Adding track segment (B.Cu): [(202565000, 52070000), (202565000, 55659000)]
[board_modifier.py:450]: Track added
[board_modifier.py:445]: Adding track segment (B.Cu): [(202565000, 55659000), (203200000, 56294000)]
[board_modifier.py:450]: Track added
[key_placer.py:423]: Routing MX23 with D23
[key_placer.py:425]: Using internal autorouter method
[board_modifier.py:522]: Routing at B.Cu layer
[board_modifier.py:539]: Netclass: Default, track width: 200000
[board_modifier.py:601]: Routing pad 'MX23:2' at (183515000, 52070000) with pad 'D23:2' at (184150000, 56294000) using coordinate system rotated by 0 degree(s)
[board_modifier.py:445]: Adding track segment (B.Cu): [(183515000, 52070000), (183515000, 55659000)]
[board_modifier.py:450]: Track added
[board_modifier.py:445]: Adding track segment (B.Cu): [(183515000, 55659000), (184150000, 56294000)]
[board_modifier.py:450]: Track added
[key_placer.py:423]: Routing MX22 with D22
[key_placer.py:425]: Using internal autorouter method
[board_modifier.py:522]: Routing at B.Cu layer
[board_modifier.py:539]: Netclass: Default, track width: 200000
[board_modifier.py:601]: Routing pad 'MX22:2' at (164465000, 52070000) with pad 'D22:2' at (165100000, 56294000) using coordinate system rotated by 0 degree(s)
[board_modifier.py:445]: Adding track segment (B.Cu): [(164465000, 52070000), (164465000, 55659000)]
[board_modifier.py:450]: Track added
[board_modifier.py:445]: Adding track segment (B.Cu): [(164465000, 55659000), (165100000, 56294000)]
[board_modifier.py:450]: Track added
[key_placer.py:423]: Routing MX21 with D21
[key_placer.py:425]: Using internal autorouter method
[board_modifier.py:522]: Routing at B.Cu layer
[board_modifier.py:539]: Netclass: Default, track width: 200000
[board_modifier.py:601]: Routing pad 'MX21:2' at (145415000, 52070000) with pad 'D21:2' at (146050000, 56294000) using coordinate system rotated by 0 degree(s)
[board_modifier.py:445]: Adding track segment (B.Cu): [(145415000, 52070000), (145415000, 55659000)]
[board_modifier.py:450]: Track added
[board_modifier.py:445]: Adding track segment (B.Cu): [(145415000, 55659000), (146050000, 56294000)]
[board_modifier.py:450]: Track added
[key_placer.py:423]: Routing MX20 with D20
[key_placer.py:425]: Using internal autorouter method
[board_modifier.py:522]: Routing at B.Cu layer
[board_modifier.py:539]: Netclass: Default, track width: 200000
[board_modifier.py:601]: Routing pad 'MX20:2' at (126365000, 52070000) with pad 'D20:2' at (127000000, 56294000) using coordinate system rotated by 0 degree(s)
[board_modifier.py:445]: Adding track segment (B.Cu): [(126365000, 52070000), (126365000, 55659000)]
[board_modifier.py:450]: Track added
[board_modifier.py:445]: Adding track segment (B.Cu): [(126365000, 55659000), (127000000, 56294000)]
[board_modifier.py:450]: Track added
[key_placer.py:423]: Routing MX19 with D19
[key_placer.py:425]: Using internal autorouter method
[board_modifier.py:522]: Routing at B.Cu layer
[board_modifier.py:539]: Netclass: Default, track width: 200000
[board_modifier.py:601]: Routing pad 'MX19:2' at (107315000, 52070000) with pad 'D19:2' at (107950000, 56294000) using coordinate system rotated by 0 degree(s)
[board_modifier.py:445]: Adding track segment (B.Cu): [(107315000, 52070000), (107315000, 55659000)]
[board_modifier.py:450]: Track added
[board_modifier.py:445]: Adding track segment (B.Cu): [(107315000, 55659000), (107950000, 56294000)]
[board_modifier.py:450]: Track added
[key_placer.py:423]: Routing MX18 with D18
[key_placer.py:425]: Using internal autorouter method
[board_modifier.py:522]: Routing at B.Cu layer
[board_modifier.py:539]: Netclass: Default, track width: 200000
[board_modifier.py:601]: Routing pad 'MX18:2' at (88265000, 52070000) with pad 'D18:2' at (88900000, 56294000) using coordinate system rotated by 0 degree(s)
[board_modifier.py:445]: Adding track segment (B.Cu): [(88265000, 52070000), (88265000, 55659000)]
[board_modifier.py:450]: Track added
[board_modifier.py:445]: Adding track segment (B.Cu): [(88265000, 55659000), (88900000, 56294000)]
[board_modifier.py:450]: Track added
[key_placer.py:423]: Routing MX17 with D17
[key_placer.py:425]: Using internal autorouter method
[board_modifier.py:522]: Routing at B.Cu layer
[board_modifier.py:539]: Netclass: Default, track width: 200000
[board_modifier.py:601]: Routing pad 'MX17:2' at (69215000, 52070000) with pad 'D17:2' at (69850000, 56294000) using coordinate system rotated by 0 degree(s)
[board_modifier.py:445]: Adding track segment (B.Cu): [(69215000, 52070000), (69215000, 55659000)]
[board_modifier.py:450]: Track added
[board_modifier.py:445]: Adding track segment (B.Cu): [(69215000, 55659000), (69850000, 56294000)]
[board_modifier.py:450]: Track added
[key_placer.py:423]: Routing MX16 with D16
[key_placer.py:425]: Using internal autorouter method
[board_modifier.py:522]: Routing at B.Cu layer
[board_modifier.py:539]: Netclass: Default, track width: 200000
[board_modifier.py:601]: Routing pad 'MX16:2' at (45402500, 52070000) with pad 'D16:2' at (46037500, 56294000) using coordinate system rotated by 0 degree(s)
[board_modifier.py:445]: Adding track segment (B.Cu): [(45402500, 52070000), (45402500, 55659000)]
[board_modifier.py:450]: Track added
[board_modifier.py:445]: Adding track segment (B.Cu): [(45402500, 55659000), (46037500, 56294000)]
[board_modifier.py:450]: Track added
[key_placer.py:423]: Routing MX15 with D15
[key_placer.py:425]: Using internal autorouter method
[board_modifier.py:522]: Routing at B.Cu layer
[board_modifier.py:539]: Netclass: Default, track width: 200000
[board_modifier.py:601]: Routing pad 'MX15:2' at (307340000, 33020000) with pad 'D15:2' at (307975000, 37244000) using coordinate system rotated by 0 degree(s)
[board_modifier.py:445]: Adding track segment (B.Cu): [(307340000, 33020000), (307340000, 36609000)]
[board_modifier.py:450]: Track added
[board_modifier.py:445]: Adding track segment (B.Cu): [(307340000, 36609000), (307975000, 37244000)]
[board_modifier.py:450]: Track added
[key_placer.py:423]: Routing MX14 with D14
[key_placer.py:425]: Using internal autorouter method
[board_modifier.py:522]: Routing at B.Cu layer
[board_modifier.py:539]: Netclass: Default, track width: 200000
[board_modifier.py:601]: Routing pad 'MX14:2' at (288290000, 33020000) with pad 'D14:2' at (288925000, 37244000) using coordinate system rotated by 0 degree(s)
[board_modifier.py:445]: Adding track segment (B.Cu): [(288290000, 33020000), (288290000, 36609000)]
[board_modifier.py:450]: Track added
[board_modifier.py:445]: Adding track segment (B.Cu): [(288290000, 36609000), (288925000, 37244000)]
[board_modifier.py:450]: Track added
[key_placer.py:423]: Routing MX13 with D13
[key_placer.py:425]: Using internal autorouter method
[board_modifier.py:522]: Routing at B.Cu layer
[board_modifier.py:539]: Netclass: Default, track width: 200000
[board_modifier.py:601]: Routing pad 'MX13:2' at (269240000, 33020000) with pad 'D13:2' at (269875000, 37244000) using coordinate system rotated by 0 degree(s)
[board_modifier.py:445]: Adding track segment (B.Cu): [(269240000, 33020000), (269240000, 36609000)]
[board_modifier.py:450]: Track added
[board_modifier.py:445]: Adding track segment (B.Cu): [(269240000, 36609000), (269875000, 37244000)]
[board_modifier.py:450]: Track added
[key_placer.py:423]: Routing MX12 with D12
[key_placer.py:425]: Using internal autorouter method
[board_modifier.py:522]: Routing at B.Cu layer
[board_modifier.py:539]: Netclass: Default, track width: 200000
[board_modifier.py:601]: Routing pad 'MX12:2' at (250190000, 33020000) with pad 'D12:2' at (250825000, 37244000) using coordinate system rotated by 0 degree(s)
[board_modifier.py:445]: Adding track segment (B.Cu): [(250190000, 33020000), (250190000, 36609000)]
[board_modifier.py:450]: Track added
[board_modifier.py:445]: Adding track segment (B.Cu): [(250190000, 36609000), (250825000, 37244000)]
[board_modifier.py:450]: Track added
[key_placer.py:423]: Routing MX11 with D11
[key_placer.py:425]: Using internal autorouter method
[board_modifier.py:522]: Routing at B.Cu layer
[board_modifier.py:539]: Netclass: Default, track width: 200000
[board_modifier.py:601]: Routing pad 'MX11:2' at (231140000, 33020000) with pad 'D11:2' at (231775000, 37244000) using coordinate system rotated by 0 degree(s)
[board_modifier.py:445]: Adding track segment (B.Cu): [(231140000, 33020000), (231140000, 36609000)]
[board_modifier.py:450]: Track added
[board_modifier.py:445]: Adding track segment (B.Cu): [(231140000, 36609000), (231775000, 37244000)]
[board_modifier.py:450]: Track added
[key_placer.py:423]: Routing MX10 with D10
[key_placer.py:425]: Using internal autorouter method
[board_modifier.py:522]: Routing at B.Cu layer
[board_modifier.py:539]: Netclass: Default, track width: 200000
[board_modifier.py:601]: Routing pad 'MX10:2' at (212090000, 33020000) with pad 'D10:2' at (212725000, 37244000) using coordinate system rotated by 0 degree(s)
[board_modifier.py:445]: Adding track segment (B.Cu): [(212090000, 33020000), (212090000, 36609000)]
[board_modifier.py:450]: Track added
[board_modifier.py:445]: Adding track segment (B.Cu): [(212090000, 36609000), (212725000, 37244000)]
[board_modifier.py:450]: Track added
[key_placer.py:423]: Routing MX9 with D9
[key_placer.py:425]: Using internal autorouter method
[board_modifier.py:522]: Routing at B.Cu layer
[board_modifier.py:539]: Netclass: Default, track width: 200000
[board_modifier.py:601]: Routing pad 'MX9:2' at (193040000, 33020000) with pad 'D9:2' at (193675000, 37244000) using coordinate system rotated by 0 degree(s)
[board_modifier.py:445]: Adding track segment (B.Cu): [(193040000, 33020000), (193040000, 36609000)]
[board_modifier.py:450]: Track added
[board_modifier.py:445]: Adding track segment (B.Cu): [(193040000, 36609000), (193675000, 37244000)]
[board_modifier.py:450]: Track added
[key_placer.py:423]: Routing MX8 with D8
[key_placer.py:425]: Using internal autorouter method
[board_modifier.py:522]: Routing at B.Cu layer
[board_modifier.py:539]: Netclass: Default, track width: 200000
[board_modifier.py:601]: Routing pad 'MX8:2' at (173990000, 33020000) with pad 'D8:2' at (174625000, 37244000) using coordinate system rotated by 0 degree(s)
[board_modifier.py:445]: Adding track segment (B.Cu): [(173990000, 33020000), (173990000, 36609000)]
[board_modifier.py:450]: Track added
[board_modifier.py:445]: Adding track segment (B.Cu): [(173990000, 36609000), (174625000, 37244000)]
[board_modifier.py:450]: Track added
[key_placer.py:423]: Routing MX7 with D7
[key_placer.py:425]: Using internal autorouter method
[board_modifier.py:522]: Routing at B.Cu layer
[board_modifier.py:539]: Netclass: Default, track width: 200000
[board_modifier.py:601]: Routing pad 'MX7:2' at (154940000, 33020000) with pad 'D7:2' at (155575000, 37244000) using coordinate system rotated by 0 degree(s)
[board_modifier.py:445]: Adding track segment (B.Cu): [(154940000, 33020000), (154940000, 36609000)]
[board_modifier.py:450]: Track added
[board_modifier.py:445]: Adding track segment (B.Cu): [(154940000, 36609000), (155575000, 37244000)]
[board_modifier.py:450]: Track added
[key_placer.py:423]: Routing MX6 with D6
[key_placer.py:425]: Using internal autorouter method
[board_modifier.py:522]: Routing at B.Cu layer
[board_modifier.py:539]: Netclass: Default, track width: 200000
[board_modifier.py:601]: Routing pad 'MX6:2' at (135890000, 33020000) with pad 'D6:2' at (136525000, 37244000) using coordinate system rotated by 0 degree(s)
[board_modifier.py:445]: Adding track segment (B.Cu): [(135890000, 33020000), (135890000, 36609000)]
[board_modifier.py:450]: Track added
[board_modifier.py:445]: Adding track segment (B.Cu): [(135890000, 36609000), (136525000, 37244000)]
[board_modifier.py:450]: Track added
[key_placer.py:423]: Routing MX5 with D5
[key_placer.py:425]: Using internal autorouter method
[board_modifier.py:522]: Routing at B.Cu layer
[board_modifier.py:539]: Netclass: Default, track width: 200000
[board_modifier.py:601]: Routing pad 'MX5:2' at (116840000, 33020000) with pad 'D5:2' at (117475000, 37244000) using coordinate system rotated by 0 degree(s)
[board_modifier.py:445]: Adding track segment (B.Cu): [(116840000, 33020000), (116840000, 36609000)]
[board_modifier.py:450]: Track added
[board_modifier.py:445]: Adding track segment (B.Cu): [(116840000, 36609000), (117475000, 37244000)]
[board_modifier.py:450]: Track added
[key_placer.py:423]: Routing MX4 with D4
[key_placer.py:425]: Using internal autorouter method
[board_modifier.py:522]: Routing at B.Cu layer
[board_modifier.py:539]: Netclass: Default, track width: 200000
[board_modifier.py:601]: Routing pad 'MX4:2' at (97790000, 33020000) with pad 'D4:2' at (98425000, 37244000) using coordinate system rotated by 0 degree(s)
[board_modifier.py:445]: Adding track segment (B.Cu): [(97790000, 33020000), (97790000, 36609000)]
[board_modifier.py:450]: Track added
[board_modifier.py:445]: Adding track segment (B.Cu): [(97790000, 36609000), (98425000, 37244000)]
[board_modifier.py:450]: Track added
[key_placer.py:423]: Routing MX3 with D3
[key_placer.py:425]: Using internal autorouter method
[board_modifier.py:522]: Routing at B.Cu layer
[board_modifier.py:539]: Netclass: Default, track width: 200000
[board_modifier.py:601]: Routing pad 'MX3:2' at (78740000, 33020000) with pad 'D3:2' at (79375000, 37244000) using coordinate system rotated by 0 degree(s)
[board_modifier.py:445]: Adding track segment (B.Cu): [(78740000, 33020000), (78740000, 36609000)]
[board_modifier.py:450]: Track added
[board_modifier.py:445]: Adding track segment (B.Cu): [(78740000, 36609000), (79375000, 37244000)]
[board_modifier.py:450]: Track added
[key_placer.py:423]: Routing MX2 with D2
[key_placer.py:425]: Using internal autorouter method
[board_modifier.py:522]: Routing at B.Cu layer
[board_modifier.py:539]: Netclass: Default, track width: 200000
[board_modifier.py:601]: Routing pad 'MX2:2' at (59690000, 33020000) with pad 'D2:2' at (60325000, 37244000) using coordinate system rotated by 0 degree(s)
[board_modifier.py:445]: Adding track segment (B.Cu): [(59690000, 33020000), (59690000, 36609000)]
[board_modifier.py:450]: Track added
[board_modifier.py:445]: Adding track segment (B.Cu): [(59690000, 36609000), (60325000, 37244000)]
[board_modifier.py:450]: Track added
[key_placer.py:423]: Routing MX1 with D1
[key_placer.py:425]: Using internal autorouter method
[board_modifier.py:522]: Routing at B.Cu layer
[board_modifier.py:539]: Netclass: Default, track width: 200000
[board_modifier.py:601]: Routing pad 'MX1:2' at (40640000, 33020000) with pad 'D1:2' at (41275000, 37244000) using coordinate system rotated by 0 degree(s)
[board_modifier.py:445]: Adding track segment (B.Cu): [(40640000, 33020000), (40640000, 36609000)]
[board_modifier.py:450]: Track added
[board_modifier.py:445]: Adding track segment (B.Cu): [(40640000, 36609000), (41275000, 37244000)]
[board_modifier.py:450]: Track added
[key_placer.py:457]: Removing dangling tracks
